\BOOKMARK [-1][-]{part.1}{I Algorithms}{}% 1
\BOOKMARK [0][-]{chapter.1}{Introduction}{part.1}% 2
\BOOKMARK [1][-]{section.1.1}{Dirichlet process model}{chapter.1}% 3
\BOOKMARK [1][-]{section.1.2}{Dirichlet process mixture model}{chapter.1}% 4
\BOOKMARK [2][-]{subsection.1.2.1}{Normal Normal-InverseGamma model}{section.1.2}% 5
\BOOKMARK [0][-]{chapter.2}{Algorithms}{part.1}% 6
\BOOKMARK [1][-]{section.2.1}{Neal's Algorithm 2}{chapter.2}% 7
\BOOKMARK [1][-]{section.2.2}{Neal's Algorithm 8}{chapter.2}% 8
\BOOKMARK [1][-]{section.2.3}{Blocked Gibbs}{chapter.2}% 9
\BOOKMARK [0][-]{chapter.3}{Implementation}{part.1}% 10
\BOOKMARK [1][-]{section.3.1}{Auxiliary classes}{chapter.3}% 11
\BOOKMARK [1][-]{section.3.2}{Neal8 algorithm}{chapter.3}% 12
\BOOKMARK [1][-]{section.3.3}{Neal2 algorithm}{chapter.3}% 13
\BOOKMARK [-1][-]{part.2}{II Applications}{}% 14
\BOOKMARK [0][-]{chapter.4}{Applications}{part.2}% 15
\BOOKMARK [1][-]{section.4.1}{Cluster estimation}{chapter.4}% 16
\BOOKMARK [1][-]{section.4.2}{Density estimation}{chapter.4}% 17
\BOOKMARK [1][-]{section.4.3}{Saving estimates to files}{chapter.4}% 18
\BOOKMARK [0][-]{chapter.5}{Results}{part.2}% 19
\BOOKMARK [1][-]{section.5.1}{Oscillations}{chapter.5}% 20
\BOOKMARK [1][-]{section.5.2}{Total mass}{chapter.5}% 21
\BOOKMARK [1][-]{section.5.3}{Auxiliary blocks}{chapter.5}% 22
\BOOKMARK [1][-]{section.5.4}{Density components}{chapter.5}% 23
\BOOKMARK [1][-]{section.5.5}{Neal2 vs Neal8}{chapter.5}% 24
\BOOKMARK [0][-]{chapter.6}{Extensions}{part.2}% 25
