This file contains any messages produced by compilers while
running configure, to aid debugging if configure makes a mistake.

It was created by Protocol Buffers configure 3.11.3, which was
generated by GNU Autoconf 2.69.  Invocation command line was

  $ ./configure --no-create --no-recursion

## --------- ##
## Platform. ##
## --------- ##

hostname = hp-tab
uname -m = x86_64
uname -r = 5.0.0-32-generic
uname -s = Linux
uname -v = #34-Ubuntu SMP Wed Oct 2 02:06:48 UTC 2019

/usr/bin/uname -p = unknown
/bin/uname -X     = unknown

/bin/arch              = unknown
/usr/bin/arch -k       = unknown
/usr/convex/getsysinfo = unknown
/usr/bin/hostinfo      = unknown
/bin/machine           = unknown
/usr/bin/oslevel       = unknown
/bin/universe          = unknown

PATH: /home/bruno/bin
PATH: /home/bruno/.local/bin
PATH: /home/bruno/bin
PATH: /usr/local/sbin
PATH: /usr/local/bin
PATH: /usr/sbin
PATH: /usr/bin
PATH: /sbin
PATH: /bin
PATH: /usr/games
PATH: /usr/local/games
PATH: /snap/bin


## ----------- ##
## Core tests. ##
## ----------- ##

configure:2617: checking whether to enable maintainer-specific portions of Makefiles
configure:2626: result: yes
configure:2701: checking build system type
configure:2715: result: x86_64-pc-linux-gnu
configure:2735: checking host system type
configure:2748: result: x86_64-pc-linux-gnu
configure:2768: checking target system type
configure:2781: result: x86_64-pc-linux-gnu
configure:2824: checking for a BSD-compatible install
configure:2892: result: /usr/bin/install -c
configure:2903: checking whether build environment is sane
configure:2958: result: yes
configure:3107: checking for a thread-safe mkdir -p
configure:3146: result: /bin/mkdir -p
configure:3153: checking for gawk
configure:3169: found /usr/bin/gawk
configure:3180: result: gawk
configure:3191: checking whether make sets $(MAKE)
configure:3213: result: yes
configure:3242: checking whether make supports nested variables
configure:3259: result: yes
configure:3348: checking whether UID '1000' is supported by ustar format
configure:3351: result: yes
configure:3358: checking whether GID '1000' is supported by ustar format
configure:3361: result: yes
configure:3369: checking how to create a ustar tar archive
configure:3380: tar --version
tar (GNU tar) 1.30
Copyright (C) 2017 Free Software Foundation, Inc.
License GPLv3+: GNU GPL version 3 or later <https://gnu.org/licenses/gpl.html>.
This is free software: you are free to change and redistribute it.
There is NO WARRANTY, to the extent permitted by law.

Written by John Gilmore and Jay Fenlason.
configure:3383: $? = 0
configure:3423: tardir=conftest.dir && eval tar --format=ustar -chf - "$tardir" >conftest.tar
configure:3426: $? = 0
configure:3430: tar -xf - <conftest.tar
configure:3433: $? = 0
configure:3435: cat conftest.dir/file
GrepMe
configure:3438: $? = 0
configure:3451: result: gnutar
configure:3516: checking whether make supports nested variables
configure:3533: result: yes
configure:3626: checking for gcc
configure:3642: found /usr/bin/gcc
configure:3653: result: gcc
configure:3882: checking for C compiler version
configure:3891: gcc --version >&5
gcc (Ubuntu 9.2.1-9ubuntu2) 9.2.1 20191008
Copyright (C) 2019 Free Software Foundation, Inc.
This is free software; see the source for copying conditions.  There is NO
warranty; not even for MERCHANTABILITY or FITNESS FOR A PARTICULAR PURPOSE.

configure:3902: $? = 0
configure:3891: gcc -v >&5
Using built-in specs.
COLLECT_GCC=gcc
COLLECT_LTO_WRAPPER=/usr/lib/gcc/x86_64-linux-gnu/9/lto-wrapper
OFFLOAD_TARGET_NAMES=nvptx-none:hsa
OFFLOAD_TARGET_DEFAULT=1
Target: x86_64-linux-gnu
Configured with: ../src/configure -v --with-pkgversion='Ubuntu 9.2.1-9ubuntu2' --with-bugurl=file:///usr/share/doc/gcc-9/README.Bugs --enable-languages=c,ada,c++,go,brig,d,fortran,objc,obj-c++,gm2 --prefix=/usr --with-gcc-major-version-only --program-suffix=-9 --program-prefix=x86_64-linux-gnu- --enable-shared --enable-linker-build-id --libexecdir=/usr/lib --without-included-gettext --enable-threads=posix --libdir=/usr/lib --enable-nls --enable-bootstrap --enable-clocale=gnu --enable-libstdcxx-debug --enable-libstdcxx-time=yes --with-default-libstdcxx-abi=new --enable-gnu-unique-object --disable-vtable-verify --enable-plugin --enable-default-pie --with-system-zlib --with-target-system-zlib=auto --enable-multiarch --disable-werror --with-arch-32=i686 --with-abi=m64 --with-multilib-list=m32,m64,mx32 --enable-multilib --with-tune=generic --enable-offload-targets=nvptx-none,hsa --without-cuda-driver --enable-checking=release --build=x86_64-linux-gnu --host=x86_64-linux-gnu --target=x86_64-linux-gnu
Thread model: posix
gcc version 9.2.1 20191008 (Ubuntu 9.2.1-9ubuntu2) 
configure:3902: $? = 0
configure:3891: gcc -V >&5
gcc: error: unrecognized command line option '-V'
gcc: fatal error: no input files
compilation terminated.
configure:3902: $? = 1
configure:3891: gcc -qversion >&5
gcc: error: unrecognized command line option '-qversion'; did you mean '--version'?
gcc: fatal error: no input files
compilation terminated.
configure:3902: $? = 1
configure:3922: checking whether the C compiler works
configure:3944: gcc    conftest.c  >&5
configure:3948: $? = 0
configure:3996: result: yes
configure:3999: checking for C compiler default output file name
configure:4001: result: a.out
configure:4007: checking for suffix of executables
configure:4014: gcc -o conftest    conftest.c  >&5
configure:4018: $? = 0
configure:4040: result: 
configure:4062: checking whether we are cross compiling
configure:4070: gcc -o conftest    conftest.c  >&5
configure:4074: $? = 0
configure:4081: ./conftest
configure:4085: $? = 0
configure:4073: result: no
configure:4078: checking for suffix of object files
configure:4100: gcc -c   conftest.c >&5
configure:4104: $? = 0
configure:4125: result: o
configure:4129: checking whether we are using the GNU C compiler
configure:4148: gcc -c   conftest.c >&5
configure:4148: $? = 0
configure:4157: result: yes
configure:4166: checking whether gcc accepts -g
configure:4186: gcc -c -g  conftest.c >&5
configure:4186: $? = 0
configure:4227: result: yes
configure:4244: checking for gcc option to accept ISO C89
configure:4307: gcc  -c   conftest.c >&5
configure:4307: $? = 0
configure:4320: result: none needed
configure:4345: checking whether gcc understands -c and -o together
configure:4367: gcc -c conftest.c -o conftest2.o
configure:4370: $? = 0
configure:4367: gcc -c conftest.c -o conftest2.o
configure:4370: $? = 0
configure:4382: result: yes
configure:4402: checking whether make supports the include directive
configure:4417: make -f confmf.GNU && cat confinc.out
make[1]: Entering directory '/home/bruno/git/github/bnplib/lib/protobuf'
make[1]: Leaving directory '/home/bruno/git/github/bnplib/lib/protobuf'
this is the am__doit target
configure:4420: $? = 0
configure:4439: result: yes (GNU style)
configure:4464: checking dependency style of gcc
configure:4575: result: gcc3
configure:4648: checking for g++
configure:4664: found /usr/bin/g++
configure:4675: result: g++
configure:4702: checking for C++ compiler version
configure:4711: g++ --version >&5
g++ (Ubuntu 9.2.1-9ubuntu2) 9.2.1 20191008
Copyright (C) 2019 Free Software Foundation, Inc.
This is free software; see the source for copying conditions.  There is NO
warranty; not even for MERCHANTABILITY or FITNESS FOR A PARTICULAR PURPOSE.

configure:4722: $? = 0
configure:4711: g++ -v >&5
Using built-in specs.
COLLECT_GCC=g++
COLLECT_LTO_WRAPPER=/usr/lib/gcc/x86_64-linux-gnu/9/lto-wrapper
OFFLOAD_TARGET_NAMES=nvptx-none:hsa
OFFLOAD_TARGET_DEFAULT=1
Target: x86_64-linux-gnu
Configured with: ../src/configure -v --with-pkgversion='Ubuntu 9.2.1-9ubuntu2' --with-bugurl=file:///usr/share/doc/gcc-9/README.Bugs --enable-languages=c,ada,c++,go,brig,d,fortran,objc,obj-c++,gm2 --prefix=/usr --with-gcc-major-version-only --program-suffix=-9 --program-prefix=x86_64-linux-gnu- --enable-shared --enable-linker-build-id --libexecdir=/usr/lib --without-included-gettext --enable-threads=posix --libdir=/usr/lib --enable-nls --enable-bootstrap --enable-clocale=gnu --enable-libstdcxx-debug --enable-libstdcxx-time=yes --with-default-libstdcxx-abi=new --enable-gnu-unique-object --disable-vtable-verify --enable-plugin --enable-default-pie --with-system-zlib --with-target-system-zlib=auto --enable-multiarch --disable-werror --with-arch-32=i686 --with-abi=m64 --with-multilib-list=m32,m64,mx32 --enable-multilib --with-tune=generic --enable-offload-targets=nvptx-none,hsa --without-cuda-driver --enable-checking=release --build=x86_64-linux-gnu --host=x86_64-linux-gnu --target=x86_64-linux-gnu
Thread model: posix
gcc version 9.2.1 20191008 (Ubuntu 9.2.1-9ubuntu2) 
configure:4722: $? = 0
configure:4711: g++ -V >&5
g++: error: unrecognized command line option '-V'
g++: fatal error: no input files
compilation terminated.
configure:4722: $? = 1
configure:4711: g++ -qversion >&5
g++: error: unrecognized command line option '-qversion'; did you mean '--version'?
g++: fatal error: no input files
compilation terminated.
configure:4722: $? = 1
configure:4726: checking whether we are using the GNU C++ compiler
configure:4745: g++ -c   conftest.cpp >&5
configure:4745: $? = 0
configure:4754: result: yes
configure:4763: checking whether g++ accepts -g
configure:4783: g++ -c -g  conftest.cpp >&5
configure:4783: $? = 0
configure:4824: result: yes
configure:4849: checking dependency style of g++
configure:4960: result: gcc3
configure:4980: checking how to run the C preprocessor
configure:5011: gcc -E  conftest.c
configure:5011: $? = 0
configure:5025: gcc -E  conftest.c
conftest.c:11:10: fatal error: ac_nonexistent.h: No such file or directory
   11 | #include <ac_nonexistent.h>
      |          ^~~~~~~~~~~~~~~~~~
compilation terminated.
configure:5025: $? = 1
configure: failed program was:
| /* confdefs.h */
| #define PACKAGE_NAME "Protocol Buffers"
| #define PACKAGE_TARNAME "protobuf"
| #define PACKAGE_VERSION "3.11.3"
| #define PACKAGE_STRING "Protocol Buffers 3.11.3"
| #define PACKAGE_BUGREPORT "protobuf@googlegroups.com"
| #define PACKAGE_URL ""
| #define PACKAGE "protobuf"
| #define VERSION "3.11.3"
| /* end confdefs.h.  */
| #include <ac_nonexistent.h>
configure:5050: result: gcc -E
configure:5070: gcc -E  conftest.c
configure:5070: $? = 0
configure:5084: gcc -E  conftest.c
conftest.c:11:10: fatal error: ac_nonexistent.h: No such file or directory
   11 | #include <ac_nonexistent.h>
      |          ^~~~~~~~~~~~~~~~~~
compilation terminated.
configure:5084: $? = 1
configure: failed program was:
| /* confdefs.h */
| #define PACKAGE_NAME "Protocol Buffers"
| #define PACKAGE_TARNAME "protobuf"
| #define PACKAGE_VERSION "3.11.3"
| #define PACKAGE_STRING "Protocol Buffers 3.11.3"
| #define PACKAGE_BUGREPORT "protobuf@googlegroups.com"
| #define PACKAGE_URL ""
| #define PACKAGE "protobuf"
| #define VERSION "3.11.3"
| /* end confdefs.h.  */
| #include <ac_nonexistent.h>
configure:5168: checking for gcc
configure:5184: found /usr/bin/gcc
configure:5195: result: gcc
configure:5424: checking for C compiler version
configure:5433: gcc --version >&5
gcc (Ubuntu 9.2.1-9ubuntu2) 9.2.1 20191008
Copyright (C) 2019 Free Software Foundation, Inc.
This is free software; see the source for copying conditions.  There is NO
warranty; not even for MERCHANTABILITY or FITNESS FOR A PARTICULAR PURPOSE.

configure:5444: $? = 0
configure:5433: gcc -v >&5
Using built-in specs.
COLLECT_GCC=gcc
COLLECT_LTO_WRAPPER=/usr/lib/gcc/x86_64-linux-gnu/9/lto-wrapper
OFFLOAD_TARGET_NAMES=nvptx-none:hsa
OFFLOAD_TARGET_DEFAULT=1
Target: x86_64-linux-gnu
Configured with: ../src/configure -v --with-pkgversion='Ubuntu 9.2.1-9ubuntu2' --with-bugurl=file:///usr/share/doc/gcc-9/README.Bugs --enable-languages=c,ada,c++,go,brig,d,fortran,objc,obj-c++,gm2 --prefix=/usr --with-gcc-major-version-only --program-suffix=-9 --program-prefix=x86_64-linux-gnu- --enable-shared --enable-linker-build-id --libexecdir=/usr/lib --without-included-gettext --enable-threads=posix --libdir=/usr/lib --enable-nls --enable-bootstrap --enable-clocale=gnu --enable-libstdcxx-debug --enable-libstdcxx-time=yes --with-default-libstdcxx-abi=new --enable-gnu-unique-object --disable-vtable-verify --enable-plugin --enable-default-pie --with-system-zlib --with-target-system-zlib=auto --enable-multiarch --disable-werror --with-arch-32=i686 --with-abi=m64 --with-multilib-list=m32,m64,mx32 --enable-multilib --with-tune=generic --enable-offload-targets=nvptx-none,hsa --without-cuda-driver --enable-checking=release --build=x86_64-linux-gnu --host=x86_64-linux-gnu --target=x86_64-linux-gnu
Thread model: posix
gcc version 9.2.1 20191008 (Ubuntu 9.2.1-9ubuntu2) 
configure:5444: $? = 0
configure:5433: gcc -V >&5
gcc: error: unrecognized command line option '-V'
gcc: fatal error: no input files
compilation terminated.
configure:5444: $? = 1
configure:5433: gcc -qversion >&5
gcc: error: unrecognized command line option '-qversion'; did you mean '--version'?
gcc: fatal error: no input files
compilation terminated.
configure:5444: $? = 1
configure:5448: checking whether we are using the GNU C compiler
configure:5476: result: yes
configure:5485: checking whether gcc accepts -g
configure:5505: gcc -c   conftest.c >&5
configure:5505: $? = 0
configure:5546: result: yes
configure:5563: checking for gcc option to accept ISO C89
configure:5639: result: none needed
configure:5664: checking whether gcc understands -c and -o together
configure:5701: result: yes
configure:5720: checking dependency style of gcc
configure:5831: result: gcc3
configure:5851: checking how to run the C preprocessor
configure:5882: gcc -E  conftest.c
configure:5882: $? = 0
configure:5896: gcc -E  conftest.c
conftest.c:11:10: fatal error: ac_nonexistent.h: No such file or directory
   11 | #include <ac_nonexistent.h>
      |          ^~~~~~~~~~~~~~~~~~
compilation terminated.
configure:5896: $? = 1
configure: failed program was:
| /* confdefs.h */
| #define PACKAGE_NAME "Protocol Buffers"
| #define PACKAGE_TARNAME "protobuf"
| #define PACKAGE_VERSION "3.11.3"
| #define PACKAGE_STRING "Protocol Buffers 3.11.3"
| #define PACKAGE_BUGREPORT "protobuf@googlegroups.com"
| #define PACKAGE_URL ""
| #define PACKAGE "protobuf"
| #define VERSION "3.11.3"
| /* end confdefs.h.  */
| #include <ac_nonexistent.h>
configure:5921: result: gcc -E
configure:5941: gcc -E  conftest.c
configure:5941: $? = 0
configure:5955: gcc -E  conftest.c
conftest.c:11:10: fatal error: ac_nonexistent.h: No such file or directory
   11 | #include <ac_nonexistent.h>
      |          ^~~~~~~~~~~~~~~~~~
compilation terminated.
configure:5955: $? = 1
configure: failed program was:
| /* confdefs.h */
| #define PACKAGE_NAME "Protocol Buffers"
| #define PACKAGE_TARNAME "protobuf"
| #define PACKAGE_VERSION "3.11.3"
| #define PACKAGE_STRING "Protocol Buffers 3.11.3"
| #define PACKAGE_BUGREPORT "protobuf@googlegroups.com"
| #define PACKAGE_URL ""
| #define PACKAGE "protobuf"
| #define VERSION "3.11.3"
| /* end confdefs.h.  */
| #include <ac_nonexistent.h>
configure:5997: checking how to run the C++ preprocessor
configure:6024: g++ -E  conftest.cpp
configure:6024: $? = 0
configure:6038: g++ -E  conftest.cpp
conftest.cpp:11:10: fatal error: ac_nonexistent.h: No such file or directory
   11 | #include <ac_nonexistent.h>
      |          ^~~~~~~~~~~~~~~~~~
compilation terminated.
configure:6038: $? = 1
configure: failed program was:
| /* confdefs.h */
| #define PACKAGE_NAME "Protocol Buffers"
| #define PACKAGE_TARNAME "protobuf"
| #define PACKAGE_VERSION "3.11.3"
| #define PACKAGE_STRING "Protocol Buffers 3.11.3"
| #define PACKAGE_BUGREPORT "protobuf@googlegroups.com"
| #define PACKAGE_URL ""
| #define PACKAGE "protobuf"
| #define VERSION "3.11.3"
| /* end confdefs.h.  */
| #include <ac_nonexistent.h>
configure:6063: result: g++ -E
configure:6083: g++ -E  conftest.cpp
configure:6083: $? = 0
configure:6097: g++ -E  conftest.cpp
conftest.cpp:11:10: fatal error: ac_nonexistent.h: No such file or directory
   11 | #include <ac_nonexistent.h>
      |          ^~~~~~~~~~~~~~~~~~
compilation terminated.
configure:6097: $? = 1
configure: failed program was:
| /* confdefs.h */
| #define PACKAGE_NAME "Protocol Buffers"
| #define PACKAGE_TARNAME "protobuf"
| #define PACKAGE_VERSION "3.11.3"
| #define PACKAGE_STRING "Protocol Buffers 3.11.3"
| #define PACKAGE_BUGREPORT "protobuf@googlegroups.com"
| #define PACKAGE_URL ""
| #define PACKAGE "protobuf"
| #define VERSION "3.11.3"
| /* end confdefs.h.  */
| #include <ac_nonexistent.h>
configure:6190: checking for g++
configure:6206: found /usr/bin/g++
configure:6217: result: g++
configure:6244: checking for C++ compiler version
configure:6253: g++ --version >&5
g++ (Ubuntu 9.2.1-9ubuntu2) 9.2.1 20191008
Copyright (C) 2019 Free Software Foundation, Inc.
This is free software; see the source for copying conditions.  There is NO
warranty; not even for MERCHANTABILITY or FITNESS FOR A PARTICULAR PURPOSE.

configure:6264: $? = 0
configure:6253: g++ -v >&5
Using built-in specs.
COLLECT_GCC=g++
COLLECT_LTO_WRAPPER=/usr/lib/gcc/x86_64-linux-gnu/9/lto-wrapper
OFFLOAD_TARGET_NAMES=nvptx-none:hsa
OFFLOAD_TARGET_DEFAULT=1
Target: x86_64-linux-gnu
Configured with: ../src/configure -v --with-pkgversion='Ubuntu 9.2.1-9ubuntu2' --with-bugurl=file:///usr/share/doc/gcc-9/README.Bugs --enable-languages=c,ada,c++,go,brig,d,fortran,objc,obj-c++,gm2 --prefix=/usr --with-gcc-major-version-only --program-suffix=-9 --program-prefix=x86_64-linux-gnu- --enable-shared --enable-linker-build-id --libexecdir=/usr/lib --without-included-gettext --enable-threads=posix --libdir=/usr/lib --enable-nls --enable-bootstrap --enable-clocale=gnu --enable-libstdcxx-debug --enable-libstdcxx-time=yes --with-default-libstdcxx-abi=new --enable-gnu-unique-object --disable-vtable-verify --enable-plugin --enable-default-pie --with-system-zlib --with-target-system-zlib=auto --enable-multiarch --disable-werror --with-arch-32=i686 --with-abi=m64 --with-multilib-list=m32,m64,mx32 --enable-multilib --with-tune=generic --enable-offload-targets=nvptx-none,hsa --without-cuda-driver --enable-checking=release --build=x86_64-linux-gnu --host=x86_64-linux-gnu --target=x86_64-linux-gnu
Thread model: posix
gcc version 9.2.1 20191008 (Ubuntu 9.2.1-9ubuntu2) 
configure:6264: $? = 0
configure:6253: g++ -V >&5
g++: error: unrecognized command line option '-V'
g++: fatal error: no input files
compilation terminated.
configure:6264: $? = 1
configure:6253: g++ -qversion >&5
g++: error: unrecognized command line option '-qversion'; did you mean '--version'?
g++: fatal error: no input files
compilation terminated.
configure:6264: $? = 1
configure:6268: checking whether we are using the GNU C++ compiler
configure:6296: result: yes
configure:6305: checking whether g++ accepts -g
configure:6325: gcc -c   conftest.cpp >&5
configure:6325: $? = 0
configure:6366: result: yes
configure:6391: checking dependency style of g++
configure:6502: result: gcc3
configure:6522: checking how to run the C++ preprocessor
configure:6549: g++ -E  conftest.cpp
configure:6549: $? = 0
configure:6563: g++ -E  conftest.cpp
conftest.cpp:11:10: fatal error: ac_nonexistent.h: No such file or directory
   11 | #include <ac_nonexistent.h>
      |          ^~~~~~~~~~~~~~~~~~
compilation terminated.
configure:6563: $? = 1
configure: failed program was:
| /* confdefs.h */
| #define PACKAGE_NAME "Protocol Buffers"
| #define PACKAGE_TARNAME "protobuf"
| #define PACKAGE_VERSION "3.11.3"
| #define PACKAGE_STRING "Protocol Buffers 3.11.3"
| #define PACKAGE_BUGREPORT "protobuf@googlegroups.com"
| #define PACKAGE_URL ""
| #define PACKAGE "protobuf"
| #define VERSION "3.11.3"
| /* end confdefs.h.  */
| #include <ac_nonexistent.h>
configure:6588: result: g++ -E
configure:6608: g++ -E  conftest.cpp
configure:6608: $? = 0
configure:6622: g++ -E  conftest.cpp
conftest.cpp:11:10: fatal error: ac_nonexistent.h: No such file or directory
   11 | #include <ac_nonexistent.h>
      |          ^~~~~~~~~~~~~~~~~~
compilation terminated.
configure:6622: $? = 1
configure: failed program was:
| /* confdefs.h */
| #define PACKAGE_NAME "Protocol Buffers"
| #define PACKAGE_TARNAME "protobuf"
| #define PACKAGE_VERSION "3.11.3"
| #define PACKAGE_STRING "Protocol Buffers 3.11.3"
| #define PACKAGE_BUGREPORT "protobuf@googlegroups.com"
| #define PACKAGE_URL ""
| #define PACKAGE "protobuf"
| #define VERSION "3.11.3"
| /* end confdefs.h.  */
| #include <ac_nonexistent.h>
configure:6664: checking for grep that handles long lines and -e
configure:6722: result: /bin/grep
configure:6727: checking for egrep
configure:6789: result: /bin/grep -E
configure:6794: checking for ANSI C header files
configure:6814: g++ -c   conftest.cpp >&5
configure:6814: $? = 0
configure:6887: g++ -o conftest    conftest.cpp  >&5
configure:6887: $? = 0
configure:6887: ./conftest
configure:6887: $? = 0
configure:6898: result: yes
configure:6911: checking for sys/types.h
configure:6911: g++ -c   conftest.cpp >&5
configure:6911: $? = 0
configure:6911: result: yes
configure:6911: checking for sys/stat.h
configure:6911: g++ -c   conftest.cpp >&5
configure:6911: $? = 0
configure:6911: result: yes
configure:6911: checking for stdlib.h
configure:6911: g++ -c   conftest.cpp >&5
configure:6911: $? = 0
configure:6911: result: yes
configure:6911: checking for string.h
configure:6911: g++ -c   conftest.cpp >&5
configure:6911: $? = 0
configure:6911: result: yes
configure:6911: checking for memory.h
configure:6911: g++ -c   conftest.cpp >&5
configure:6911: $? = 0
configure:6911: result: yes
configure:6911: checking for strings.h
configure:6911: g++ -c   conftest.cpp >&5
configure:6911: $? = 0
configure:6911: result: yes
configure:6911: checking for inttypes.h
configure:6911: g++ -c   conftest.cpp >&5
configure:6911: $? = 0
configure:6911: result: yes
configure:6911: checking for stdint.h
configure:6911: g++ -c   conftest.cpp >&5
configure:6911: $? = 0
configure:6911: result: yes
configure:6911: checking for unistd.h
configure:6911: g++ -c   conftest.cpp >&5
configure:6911: $? = 0
configure:6911: result: yes
configure:6924: checking minix/config.h usability
configure:6924: g++ -c   conftest.cpp >&5
conftest.cpp:54:10: fatal error: minix/config.h: No such file or directory
   54 | #include <minix/config.h>
      |          ^~~~~~~~~~~~~~~~
compilation terminated.
configure:6924: $? = 1
configure: failed program was:
| /* confdefs.h */
| #define PACKAGE_NAME "Protocol Buffers"
| #define PACKAGE_TARNAME "protobuf"
| #define PACKAGE_VERSION "3.11.3"
| #define PACKAGE_STRING "Protocol Buffers 3.11.3"
| #define PACKAGE_BUGREPORT "protobuf@googlegroups.com"
| #define PACKAGE_URL ""
| #define PACKAGE "protobuf"
| #define VERSION "3.11.3"
| #define STDC_HEADERS 1
| #define HAVE_SYS_TYPES_H 1
| #define HAVE_SYS_STAT_H 1
| #define HAVE_STDLIB_H 1
| #define HAVE_STRING_H 1
| #define HAVE_MEMORY_H 1
| #define HAVE_STRINGS_H 1
| #define HAVE_INTTYPES_H 1
| #define HAVE_STDINT_H 1
| #define HAVE_UNISTD_H 1
| /* end confdefs.h.  */
| #include <stdio.h>
| #ifdef HAVE_SYS_TYPES_H
| # include <sys/types.h>
| #endif
| #ifdef HAVE_SYS_STAT_H
| # include <sys/stat.h>
| #endif
| #ifdef STDC_HEADERS
| # include <stdlib.h>
| # include <stddef.h>
| #else
| # ifdef HAVE_STDLIB_H
| #  include <stdlib.h>
| # endif
| #endif
| #ifdef HAVE_STRING_H
| # if !defined STDC_HEADERS && defined HAVE_MEMORY_H
| #  include <memory.h>
| # endif
| # include <string.h>
| #endif
| #ifdef HAVE_STRINGS_H
| # include <strings.h>
| #endif
| #ifdef HAVE_INTTYPES_H
| # include <inttypes.h>
| #endif
| #ifdef HAVE_STDINT_H
| # include <stdint.h>
| #endif
| #ifdef HAVE_UNISTD_H
| # include <unistd.h>
| #endif
| #include <minix/config.h>
configure:6924: result: no
configure:6924: checking minix/config.h presence
configure:6924: g++ -E  conftest.cpp
conftest.cpp:21:10: fatal error: minix/config.h: No such file or directory
   21 | #include <minix/config.h>
      |          ^~~~~~~~~~~~~~~~
compilation terminated.
configure:6924: $? = 1
configure: failed program was:
| /* confdefs.h */
| #define PACKAGE_NAME "Protocol Buffers"
| #define PACKAGE_TARNAME "protobuf"
| #define PACKAGE_VERSION "3.11.3"
| #define PACKAGE_STRING "Protocol Buffers 3.11.3"
| #define PACKAGE_BUGREPORT "protobuf@googlegroups.com"
| #define PACKAGE_URL ""
| #define PACKAGE "protobuf"
| #define VERSION "3.11.3"
| #define STDC_HEADERS 1
| #define HAVE_SYS_TYPES_H 1
| #define HAVE_SYS_STAT_H 1
| #define HAVE_STDLIB_H 1
| #define HAVE_STRING_H 1
| #define HAVE_MEMORY_H 1
| #define HAVE_STRINGS_H 1
| #define HAVE_INTTYPES_H 1
| #define HAVE_STDINT_H 1
| #define HAVE_UNISTD_H 1
| /* end confdefs.h.  */
| #include <minix/config.h>
configure:6924: result: no
configure:6924: checking for minix/config.h
configure:6924: result: no
configure:6945: checking whether it is safe to define __EXTENSIONS__
configure:6963: g++ -c   conftest.cpp >&5
configure:6963: $? = 0
configure:6970: result: yes
configure:7039: checking for ar
configure:7055: found /usr/bin/ar
configure:7066: result: ar
configure:7092: checking the archiver (ar) interface
configure:7108: gcc -c   conftest.c >&5
configure:7108: $? = 0
configure:7110: ar cru libconftest.a conftest.o >&5
ar: `u' modifier ignored since `D' is the default (see `U')
configure:7113: $? = 0
configure:7112: result: ar
configure:7194: checking for gcc
configure:7210: found /usr/bin/gcc
configure:7221: result: gcc
configure:7246: checking for Objective C compiler version
configure:7255: gcc --version >&5
gcc (Ubuntu 9.2.1-9ubuntu2) 9.2.1 20191008
Copyright (C) 2019 Free Software Foundation, Inc.
This is free software; see the source for copying conditions.  There is NO
warranty; not even for MERCHANTABILITY or FITNESS FOR A PARTICULAR PURPOSE.

configure:7266: $? = 0
configure:7255: gcc -v >&5
Using built-in specs.
COLLECT_GCC=gcc
COLLECT_LTO_WRAPPER=/usr/lib/gcc/x86_64-linux-gnu/9/lto-wrapper
OFFLOAD_TARGET_NAMES=nvptx-none:hsa
OFFLOAD_TARGET_DEFAULT=1
Target: x86_64-linux-gnu
Configured with: ../src/configure -v --with-pkgversion='Ubuntu 9.2.1-9ubuntu2' --with-bugurl=file:///usr/share/doc/gcc-9/README.Bugs --enable-languages=c,ada,c++,go,brig,d,fortran,objc,obj-c++,gm2 --prefix=/usr --with-gcc-major-version-only --program-suffix=-9 --program-prefix=x86_64-linux-gnu- --enable-shared --enable-linker-build-id --libexecdir=/usr/lib --without-included-gettext --enable-threads=posix --libdir=/usr/lib --enable-nls --enable-bootstrap --enable-clocale=gnu --enable-libstdcxx-debug --enable-libstdcxx-time=yes --with-default-libstdcxx-abi=new --enable-gnu-unique-object --disable-vtable-verify --enable-plugin --enable-default-pie --with-system-zlib --with-target-system-zlib=auto --enable-multiarch --disable-werror --with-arch-32=i686 --with-abi=m64 --with-multilib-list=m32,m64,mx32 --enable-multilib --with-tune=generic --enable-offload-targets=nvptx-none,hsa --without-cuda-driver --enable-checking=release --build=x86_64-linux-gnu --host=x86_64-linux-gnu --target=x86_64-linux-gnu
Thread model: posix
gcc version 9.2.1 20191008 (Ubuntu 9.2.1-9ubuntu2) 
configure:7266: $? = 0
configure:7255: gcc -V >&5
gcc: error: unrecognized command line option '-V'
gcc: fatal error: no input files
compilation terminated.
configure:7266: $? = 1
configure:7255: gcc -qversion >&5
gcc: error: unrecognized command line option '-qversion'; did you mean '--version'?
gcc: fatal error: no input files
compilation terminated.
configure:7266: $? = 1
configure:7270: checking whether we are using the GNU Objective C compiler
configure:7289: gcc -c   conftest.m >&5
gcc: fatal error: cannot execute 'cc1obj': execvp: No such file or directory
compilation terminated.
configure:7289: $? = 1
configure: failed program was:
| /* confdefs.h */
| #define PACKAGE_NAME "Protocol Buffers"
| #define PACKAGE_TARNAME "protobuf"
| #define PACKAGE_VERSION "3.11.3"
| #define PACKAGE_STRING "Protocol Buffers 3.11.3"
| #define PACKAGE_BUGREPORT "protobuf@googlegroups.com"
| #define PACKAGE_URL ""
| #define PACKAGE "protobuf"
| #define VERSION "3.11.3"
| #define STDC_HEADERS 1
| #define HAVE_SYS_TYPES_H 1
| #define HAVE_SYS_STAT_H 1
| #define HAVE_STDLIB_H 1
| #define HAVE_STRING_H 1
| #define HAVE_MEMORY_H 1
| #define HAVE_STRINGS_H 1
| #define HAVE_INTTYPES_H 1
| #define HAVE_STDINT_H 1
| #define HAVE_UNISTD_H 1
| #define __EXTENSIONS__ 1
| #define _ALL_SOURCE 1
| #define _GNU_SOURCE 1
| #define _POSIX_PTHREAD_SEMANTICS 1
| #define _TANDEM_SOURCE 1
| /* end confdefs.h.  */
| 
| int
| main ()
| {
| #ifndef __GNUC__
|        choke me
| #endif
| 
|   ;
|   return 0;
| }
configure:7298: result: no
configure:7307: checking whether gcc accepts -g
configure:7327: gcc -c -g  conftest.m >&5
gcc: fatal error: cannot execute 'cc1obj': execvp: No such file or directory
compilation terminated.
configure:7327: $? = 1
configure: failed program was:
| /* confdefs.h */
| #define PACKAGE_NAME "Protocol Buffers"
| #define PACKAGE_TARNAME "protobuf"
| #define PACKAGE_VERSION "3.11.3"
| #define PACKAGE_STRING "Protocol Buffers 3.11.3"
| #define PACKAGE_BUGREPORT "protobuf@googlegroups.com"
| #define PACKAGE_URL ""
| #define PACKAGE "protobuf"
| #define VERSION "3.11.3"
| #define STDC_HEADERS 1
| #define HAVE_SYS_TYPES_H 1
| #define HAVE_SYS_STAT_H 1
| #define HAVE_STDLIB_H 1
| #define HAVE_STRING_H 1
| #define HAVE_MEMORY_H 1
| #define HAVE_STRINGS_H 1
| #define HAVE_INTTYPES_H 1
| #define HAVE_STDINT_H 1
| #define HAVE_UNISTD_H 1
| #define __EXTENSIONS__ 1
| #define _ALL_SOURCE 1
| #define _GNU_SOURCE 1
| #define _POSIX_PTHREAD_SEMANTICS 1
| #define _TANDEM_SOURCE 1
| /* end confdefs.h.  */
| 
| int
| main ()
| {
| 
|   ;
|   return 0;
| }
configure:7342: gcc -c   conftest.m >&5
gcc: fatal error: cannot execute 'cc1obj': execvp: No such file or directory
compilation terminated.
configure:7342: $? = 1
configure: failed program was:
| /* confdefs.h */
| #define PACKAGE_NAME "Protocol Buffers"
| #define PACKAGE_TARNAME "protobuf"
| #define PACKAGE_VERSION "3.11.3"
| #define PACKAGE_STRING "Protocol Buffers 3.11.3"
| #define PACKAGE_BUGREPORT "protobuf@googlegroups.com"
| #define PACKAGE_URL ""
| #define PACKAGE "protobuf"
| #define VERSION "3.11.3"
| #define STDC_HEADERS 1
| #define HAVE_SYS_TYPES_H 1
| #define HAVE_SYS_STAT_H 1
| #define HAVE_STDLIB_H 1
| #define HAVE_STRING_H 1
| #define HAVE_MEMORY_H 1
| #define HAVE_STRINGS_H 1
| #define HAVE_INTTYPES_H 1
| #define HAVE_STDINT_H 1
| #define HAVE_UNISTD_H 1
| #define __EXTENSIONS__ 1
| #define _ALL_SOURCE 1
| #define _GNU_SOURCE 1
| #define _POSIX_PTHREAD_SEMANTICS 1
| #define _TANDEM_SOURCE 1
| /* end confdefs.h.  */
| 
| int
| main ()
| {
| 
|   ;
|   return 0;
| }
configure:7358: gcc -c -g  conftest.m >&5
gcc: fatal error: cannot execute 'cc1obj': execvp: No such file or directory
compilation terminated.
configure:7358: $? = 1
configure: failed program was:
| /* confdefs.h */
| #define PACKAGE_NAME "Protocol Buffers"
| #define PACKAGE_TARNAME "protobuf"
| #define PACKAGE_VERSION "3.11.3"
| #define PACKAGE_STRING "Protocol Buffers 3.11.3"
| #define PACKAGE_BUGREPORT "protobuf@googlegroups.com"
| #define PACKAGE_URL ""
| #define PACKAGE "protobuf"
| #define VERSION "3.11.3"
| #define STDC_HEADERS 1
| #define HAVE_SYS_TYPES_H 1
| #define HAVE_SYS_STAT_H 1
| #define HAVE_STDLIB_H 1
| #define HAVE_STRING_H 1
| #define HAVE_MEMORY_H 1
| #define HAVE_STRINGS_H 1
| #define HAVE_INTTYPES_H 1
| #define HAVE_STDINT_H 1
| #define HAVE_UNISTD_H 1
| #define __EXTENSIONS__ 1
| #define _ALL_SOURCE 1
| #define _GNU_SOURCE 1
| #define _POSIX_PTHREAD_SEMANTICS 1
| #define _TANDEM_SOURCE 1
| /* end confdefs.h.  */
| 
| int
| main ()
| {
| 
|   ;
|   return 0;
| }
configure:7368: result: no
configure:7393: checking dependency style of gcc
configure:7502: result: gcc3
configure:7519: checking C++ compiler flags...
configure:7535: result: use default: -O2  -g -std=c++11 -DNDEBUG
configure:7555: checking whether __SUNPRO_CC is declared
configure:7555: g++ -c  -g -std=c++11 -DNDEBUG  conftest.cpp >&5
conftest.cpp: In function 'int main()':
conftest.cpp:64:10: error: '__SUNPRO_CC' was not declared in this scope
   64 |   (void) __SUNPRO_CC;
      |          ^~~~~~~~~~~
configure:7555: $? = 1
configure: failed program was:
| /* confdefs.h */
| #define PACKAGE_NAME "Protocol Buffers"
| #define PACKAGE_TARNAME "protobuf"
| #define PACKAGE_VERSION "3.11.3"
| #define PACKAGE_STRING "Protocol Buffers 3.11.3"
| #define PACKAGE_BUGREPORT "protobuf@googlegroups.com"
| #define PACKAGE_URL ""
| #define PACKAGE "protobuf"
| #define VERSION "3.11.3"
| #define STDC_HEADERS 1
| #define HAVE_SYS_TYPES_H 1
| #define HAVE_SYS_STAT_H 1
| #define HAVE_STDLIB_H 1
| #define HAVE_STRING_H 1
| #define HAVE_MEMORY_H 1
| #define HAVE_STRINGS_H 1
| #define HAVE_INTTYPES_H 1
| #define HAVE_STDINT_H 1
| #define HAVE_UNISTD_H 1
| #define __EXTENSIONS__ 1
| #define _ALL_SOURCE 1
| #define _GNU_SOURCE 1
| #define _POSIX_PTHREAD_SEMANTICS 1
| #define _TANDEM_SOURCE 1
| /* end confdefs.h.  */
| #include <stdio.h>
| #ifdef HAVE_SYS_TYPES_H
| # include <sys/types.h>
| #endif
| #ifdef HAVE_SYS_STAT_H
| # include <sys/stat.h>
| #endif
| #ifdef STDC_HEADERS
| # include <stdlib.h>
| # include <stddef.h>
| #else
| # ifdef HAVE_STDLIB_H
| #  include <stdlib.h>
| # endif
| #endif
| #ifdef HAVE_STRING_H
| # if !defined STDC_HEADERS && defined HAVE_MEMORY_H
| #  include <memory.h>
| # endif
| # include <string.h>
| #endif
| #ifdef HAVE_STRINGS_H
| # include <strings.h>
| #endif
| #ifdef HAVE_INTTYPES_H
| # include <inttypes.h>
| #endif
| #ifdef HAVE_STDINT_H
| # include <stdint.h>
| #endif
| #ifdef HAVE_UNISTD_H
| # include <unistd.h>
| #endif
| int
| main ()
| {
| #ifndef __SUNPRO_CC
| #ifdef __cplusplus
|   (void) __SUNPRO_CC;
| #else
|   (void) __SUNPRO_CC;
| #endif
| #endif
| 
|   ;
|   return 0;
| }
configure:7555: result: no
configure:7724: checking how to print strings
configure:7751: result: printf
configure:7772: checking for a sed that does not truncate output
configure:7836: result: /bin/sed
configure:7854: checking for fgrep
configure:7916: result: /bin/grep -F
configure:7951: checking for ld used by gcc
configure:8018: result: /usr/bin/ld
configure:8025: checking if the linker (/usr/bin/ld) is GNU ld
configure:8040: result: yes
configure:8052: checking for BSD- or MS-compatible name lister (nm)
configure:8106: result: /usr/bin/nm -B
configure:8236: checking the name lister (/usr/bin/nm -B) interface
configure:8243: g++ -c  -g -std=c++11 -DNDEBUG  conftest.cpp >&5
configure:8246: /usr/bin/nm -B "conftest.o"
configure:8249: output
0000000000000000 B some_variable
configure:8250: result: BSD nm
configure:8253: checking whether ln -s works
configure:8257: result: yes
configure:8265: checking the maximum length of command line arguments
configure:8396: result: 1572864
configure:8444: checking how to convert x86_64-pc-linux-gnu file names to x86_64-pc-linux-gnu format
configure:8484: result: func_convert_file_noop
configure:8491: checking how to convert x86_64-pc-linux-gnu file names to toolchain format
configure:8511: result: func_convert_file_noop
configure:8518: checking for /usr/bin/ld option to reload object files
configure:8525: result: -r
configure:8599: checking for objdump
configure:8615: found /usr/bin/objdump
configure:8626: result: objdump
configure:8658: checking how to recognize dependent libraries
configure:8858: result: pass_all
configure:8943: checking for dlltool
configure:8973: result: no
configure:9003: checking how to associate runtime and link libraries
configure:9030: result: printf %s\n
configure:9154: checking for archiver @FILE support
configure:9171: g++ -c  -g -std=c++11 -DNDEBUG  conftest.cpp >&5
configure:9171: $? = 0
configure:9174: ar cru libconftest.a @conftest.lst >&5
ar: `u' modifier ignored since `D' is the default (see `U')
configure:9177: $? = 0
configure:9182: ar cru libconftest.a @conftest.lst >&5
ar: `u' modifier ignored since `D' is the default (see `U')
ar: conftest.o: No such file or directory
configure:9185: $? = 1
configure:9184: result: @
configure:9242: checking for strip
configure:9258: found /usr/bin/strip
configure:9269: result: strip
configure:9341: checking for ranlib
configure:9357: found /usr/bin/ranlib
configure:9368: result: ranlib
configure:9470: checking command to parse /usr/bin/nm -B output from gcc object
configure:9623: g++ -c  -g -std=c++11 -DNDEBUG  conftest.cpp >&5
configure:9626: $? = 0
configure:9630: /usr/bin/nm -B conftest.o | sed -n -e 's/^.*[	 ]\([ABCDGIRSTW][ABCDGIRSTW]*\)[	 ][	 ]*\([_A-Za-z][_A-Za-z0-9]*\)$/\1 \2 \2/p' | sed '/ __gnu_lto/d' > conftest.nm
configure:9696: g++ -o conftest  -g -std=c++11 -DNDEBUG   conftest.cpp conftstm.o >&5
configure:9699: $? = 0
configure:9737: result: ok
configure:9784: checking for sysroot
configure:9814: result: no
configure:9821: checking for a working dd
configure:9859: result: /bin/dd
configure:9863: checking how to truncate binary pipes
configure:9878: result: /bin/dd bs=4096 count=1
configure:10014: g++ -c  -g -std=c++11 -DNDEBUG  conftest.cpp >&5
configure:10017: $? = 0
configure:10207: checking for mt
configure:10223: found /bin/mt
configure:10234: result: mt
configure:10257: checking if mt is a manifest tool
configure:10263: mt '-?'
configure:10271: result: no
configure:10945: checking for dlfcn.h
configure:10945: g++ -c  -g -std=c++11 -DNDEBUG  conftest.cpp >&5
configure:10945: $? = 0
configure:10945: result: yes
configure:11211: checking for objdir
configure:11226: result: .libs
configure:11490: checking if gcc supports -fno-rtti -fno-exceptions
configure:11508: gcc -c   -fno-rtti -fno-exceptions conftest.c >&5
cc1: warning: command line option '-fno-rtti' is valid for C++/D/ObjC++ but not for C
configure:11512: $? = 0
configure:11525: result: no
configure:11883: checking for gcc option to produce PIC
configure:11890: result: -fPIC -DPIC
configure:11898: checking if gcc PIC flag -fPIC -DPIC works
configure:11916: gcc -c   -fPIC -DPIC -DPIC conftest.c >&5
configure:11920: $? = 0
configure:11933: result: yes
configure:11962: checking if gcc static flag -static works
configure:11990: result: yes
configure:12005: checking if gcc supports -c -o file.o
configure:12026: gcc -c   -o out/conftest2.o conftest.c >&5
configure:12030: $? = 0
configure:12052: result: yes
configure:12060: checking if gcc supports -c -o file.o
configure:12107: result: yes
configure:12140: checking whether the gcc linker (/usr/bin/ld -m elf_x86_64) supports shared libraries
configure:13403: result: yes
configure:13440: checking whether -lc should be explicitly linked in
configure:13448: gcc -c   conftest.c >&5
configure:13451: $? = 0
configure:13466: gcc -shared  -fPIC -DPIC conftest.o  -v -Wl,-soname -Wl,conftest -o conftest 2\>\&1 \| /bin/grep  -lc  \>/dev/null 2\>\&1
configure:13469: $? = 0
configure:13483: result: no
configure:13643: checking dynamic linker characteristics
configure:14224: gcc -o conftest    -Wl,-rpath -Wl,/foo conftest.c  >&5
configure:14224: $? = 0
configure:14473: result: GNU/Linux ld.so
configure:14595: checking how to hardcode library paths into programs
configure:14620: result: immediate
configure:15168: checking whether stripping libraries is possible
configure:15173: result: yes
configure:15208: checking if libtool supports shared libraries
configure:15210: result: yes
configure:15213: checking whether to build shared libraries
configure:15238: result: yes
configure:15241: checking whether to build static libraries
configure:15245: result: yes
configure:12044: checking how to run the C++ preprocessor
configure:12110: result: g++ -E
configure:12130: g++ -E  conftest.cpp
configure:12130: $? = 0
configure:12144: g++ -E  conftest.cpp
conftest.cpp:28:10: fatal error: ac_nonexistent.h: No such file or directory
   28 | #include <ac_nonexistent.h>
      |          ^~~~~~~~~~~~~~~~~~
compilation terminated.
configure:12144: $? = 1
configure: failed program was:
| /* confdefs.h */
| #define PACKAGE_NAME "Protocol Buffers"
| #define PACKAGE_TARNAME "protobuf"
| #define PACKAGE_VERSION "3.11.3"
| #define PACKAGE_STRING "Protocol Buffers 3.11.3"
| #define PACKAGE_BUGREPORT "protobuf@googlegroups.com"
| #define PACKAGE_URL ""
| #define PACKAGE "protobuf"
| #define VERSION "3.11.3"
| #define STDC_HEADERS 1
| #define HAVE_SYS_TYPES_H 1
| #define HAVE_SYS_STAT_H 1
| #define HAVE_STDLIB_H 1
| #define HAVE_STRING_H 1
| #define HAVE_MEMORY_H 1
| #define HAVE_STRINGS_H 1
| #define HAVE_INTTYPES_H 1
| #define HAVE_STDINT_H 1
| #define HAVE_UNISTD_H 1
| #define __EXTENSIONS__ 1
| #define _ALL_SOURCE 1
| #define _GNU_SOURCE 1
| #define _POSIX_PTHREAD_SEMANTICS 1
| #define _TANDEM_SOURCE 1
| #define HAVE_DLFCN_H 1
| #define LT_OBJDIR ".libs/"
| /* end confdefs.h.  */
| #include <ac_nonexistent.h>
configure:12306: checking for ld used by g++
configure:12373: result: /usr/bin/ld -m elf_x86_64
configure:12380: checking if the linker (/usr/bin/ld -m elf_x86_64) is GNU ld
configure:12395: result: yes
configure:12450: checking whether the g++ linker (/usr/bin/ld -m elf_x86_64) supports shared libraries
configure:13523: result: yes
configure:13559: g++ -c  -g -std=c++11 -DNDEBUG  conftest.cpp >&5
configure:13562: $? = 0
configure:14043: checking for g++ option to produce PIC
configure:14050: result: -fPIC -DPIC
configure:14058: checking if g++ PIC flag -fPIC -DPIC works
configure:14076: g++ -c  -g -std=c++11 -DNDEBUG  -fPIC -DPIC -DPIC conftest.cpp >&5
configure:14080: $? = 0
configure:14093: result: yes
configure:14116: checking if g++ static flag -static works
configure:14144: result: yes
configure:14156: checking if g++ supports -c -o file.o
configure:14177: g++ -c  -g -std=c++11 -DNDEBUG  -o out/conftest2.o conftest.cpp >&5
configure:14181: $? = 0
configure:14203: result: yes
configure:14208: checking if g++ supports -c -o file.o
configure:14255: result: yes
configure:14285: checking whether the g++ linker (/usr/bin/ld -m elf_x86_64) supports shared libraries
configure:14328: result: yes
configure:14469: checking dynamic linker characteristics
configure:15226: result: GNU/Linux ld.so
configure:15291: checking how to hardcode library paths into programs
configure:15316: result: immediate
configure:14210: checking whether the linker supports version scripts
configure:14226: g++ -o conftest  -g -std=c++11 -DNDEBUG   -Wl,--version-script=conftest.map conftest.cpp  >&5
configure:14226: $? = 0
configure:14227: result: yes
configure:14246: checking for ANSI C header files
configure:14350: result: yes
configure:14361: checking fcntl.h usability
configure:14361: g++ -c  -g -std=c++11 -DNDEBUG  conftest.cpp >&5
configure:14361: $? = 0
configure:14361: result: yes
configure:14361: checking fcntl.h presence
configure:14361: g++ -E  conftest.cpp
configure:14361: $? = 0
configure:14361: result: yes
configure:14361: checking for fcntl.h
configure:14361: result: yes
configure:14361: checking for inttypes.h
configure:14361: result: yes
configure:14361: checking limits.h usability
configure:14361: g++ -c  -g -std=c++11 -DNDEBUG  conftest.cpp >&5
configure:14361: $? = 0
configure:14361: result: yes
configure:14361: checking limits.h presence
configure:14361: g++ -E  conftest.cpp
configure:14361: $? = 0
configure:14361: result: yes
configure:14361: checking for limits.h
configure:14361: result: yes
configure:14361: checking for stdlib.h
configure:14361: result: yes
configure:14361: checking for unistd.h
configure:14361: result: yes
configure:14373: checking for working memcmp
configure:14416: g++ -o conftest  -g -std=c++11 -DNDEBUG   conftest.cpp  >&5
configure:14416: $? = 0
configure:14416: ./conftest
configure:14416: $? = 0
configure:14426: result: yes
configure:14435: checking for working strtod
configure:14476: g++ -o conftest  -g -std=c++11 -DNDEBUG   conftest.cpp  >&5
conftest.cpp: In function 'int main()':
conftest.cpp:76:20: warning: ISO C++ forbids converting a string constant to 'char*' [-Wwrite-strings]
   76 |     char *string = " +69";
      |                    ^~~~~~
conftest.cpp:87:20: warning: ISO C++ forbids converting a string constant to 'char*' [-Wwrite-strings]
   87 |     char *string = "NaN";
      |                    ^~~~~
configure:14476: $? = 0
configure:14476: ./conftest
configure:14476: $? = 0
configure:14486: result: yes
configure:14551: checking for ftruncate
configure:14551: g++ -o conftest  -g -std=c++11 -DNDEBUG   conftest.cpp  >&5
configure:14551: $? = 0
configure:14551: result: yes
configure:14551: checking for memset
configure:14551: g++ -o conftest  -g -std=c++11 -DNDEBUG   conftest.cpp  >&5
conftest.cpp:58:6: warning: declaration of 'char memset()' conflicts with built-in declaration 'void* memset(void*, int, long unsigned int)' [-Wbuiltin-declaration-mismatch]
   58 | char memset ();
      |      ^~~~~~
configure:14551: $? = 0
configure:14551: result: yes
configure:14551: checking for mkdir
configure:14551: g++ -o conftest  -g -std=c++11 -DNDEBUG   conftest.cpp  >&5
configure:14551: $? = 0
configure:14551: result: yes
configure:14551: checking for strchr
configure:14551: g++ -o conftest  -g -std=c++11 -DNDEBUG   conftest.cpp  >&5
conftest.cpp:60:6: warning: declaration of 'char strchr()' conflicts with built-in declaration 'char* strchr(const char*, int)' [-Wbuiltin-declaration-mismatch]
   60 | char strchr ();
      |      ^~~~~~
configure:14551: $? = 0
configure:14551: result: yes
configure:14551: checking for strerror
configure:14551: g++ -o conftest  -g -std=c++11 -DNDEBUG   conftest.cpp  >&5
configure:14551: $? = 0
configure:14551: result: yes
configure:14551: checking for strtol
configure:14551: g++ -o conftest  -g -std=c++11 -DNDEBUG   conftest.cpp  >&5
configure:14551: $? = 0
configure:14551: result: yes
configure:14565: checking zlib version
configure:14585: g++ -c  -g -std=c++11 -DNDEBUG  conftest.cpp >&5
configure:14585: $? = 0
configure:14587: result: ok (1.2.0.4 or later)
configure:14591: checking for library containing zlibVersion
configure:14622: g++ -o conftest  -g -std=c++11 -DNDEBUG   conftest.cpp  >&5
/usr/bin/ld: /tmp/ccY0Nn6U.o: in function `main':
/home/bruno/git/github/bnplib/lib/protobuf/conftest.cpp:51: undefined reference to `zlibVersion'
collect2: error: ld returned 1 exit status
configure:14622: $? = 1
configure: failed program was:
| /* confdefs.h */
| #define PACKAGE_NAME "Protocol Buffers"
| #define PACKAGE_TARNAME "protobuf"
| #define PACKAGE_VERSION "3.11.3"
| #define PACKAGE_STRING "Protocol Buffers 3.11.3"
| #define PACKAGE_BUGREPORT "protobuf@googlegroups.com"
| #define PACKAGE_URL ""
| #define PACKAGE "protobuf"
| #define VERSION "3.11.3"
| #define STDC_HEADERS 1
| #define HAVE_SYS_TYPES_H 1
| #define HAVE_SYS_STAT_H 1
| #define HAVE_STDLIB_H 1
| #define HAVE_STRING_H 1
| #define HAVE_MEMORY_H 1
| #define HAVE_STRINGS_H 1
| #define HAVE_INTTYPES_H 1
| #define HAVE_STDINT_H 1
| #define HAVE_UNISTD_H 1
| #define __EXTENSIONS__ 1
| #define _ALL_SOURCE 1
| #define _GNU_SOURCE 1
| #define _POSIX_PTHREAD_SEMANTICS 1
| #define _TANDEM_SOURCE 1
| #define HAVE_DLFCN_H 1
| #define LT_OBJDIR ".libs/"
| #define STDC_HEADERS 1
| #define HAVE_FCNTL_H 1
| #define HAVE_INTTYPES_H 1
| #define HAVE_LIMITS_H 1
| #define HAVE_STDLIB_H 1
| #define HAVE_UNISTD_H 1
| #define HAVE_FTRUNCATE 1
| #define HAVE_MEMSET 1
| #define HAVE_MKDIR 1
| #define HAVE_STRCHR 1
| #define HAVE_STRERROR 1
| #define HAVE_STRTOL 1
| /* end confdefs.h.  */
| 
| /* Override any GCC internal prototype to avoid an error.
|    Use char because int might match the return type of a GCC
|    builtin and then its argument prototype would still apply.  */
| #ifdef __cplusplus
| extern "C"
| #endif
| char zlibVersion ();
| int
| main ()
| {
| return zlibVersion ();
|   ;
|   return 0;
| }
configure:14622: g++ -o conftest  -g -std=c++11 -DNDEBUG   conftest.cpp -lz   >&5
configure:14622: $? = 0
configure:14639: result: -lz
configure:14702: checking whether g++ supports C++11 features by default
configure:15015: g++ -c  -g -std=c++11 -DNDEBUG  conftest.cpp >&5
configure:15015: $? = 0
configure:15022: result: yes
configure:15399: checking whether -latomic is needed
configure:15412: g++ -o conftest  -g -std=c++11 -DNDEBUG   conftest.cpp -lz  >&5
configure:15412: $? = 0
configure:15419: result: no
configure:15642: checking whether gcc is Clang
configure:15667: result: no
configure:15790: checking whether pthreads work with -pthread
configure:15884: gcc -o conftest  -pthread   conftest.c  -lz  >&5
configure:15884: $? = 0
configure:15893: result: yes
configure:15912: checking for joinable pthread attribute
configure:15930: gcc -o conftest  -pthread   conftest.c  -lz  >&5
configure:15930: $? = 0
configure:15938: result: PTHREAD_CREATE_JOINABLE
configure:15952: checking whether more special flags are required for pthreads
configure:15965: result: no
configure:15973: checking for PTHREAD_PRIO_INHERIT
configure:15989: gcc -o conftest  -pthread   conftest.c  -lz  >&5
configure:15989: $? = 0
configure:15998: result: yes
configure:16110: checking the location of hash_map
configure:16136: g++ -c  -g -std=c++11 -DNDEBUG  conftest.cpp >&5
configure:16136: $? = 0
configure:16158: g++ -c  -g -std=c++11 -DNDEBUG  conftest.cpp >&5
configure:16158: $? = 0
configure:16225: result: <unordered_map>
configure:16368: checking that generated files are newer than configure
configure:16374: result: done
configure:16437: creating ./config.status

## ---------------- ##
## Cache variables. ##
## ---------------- ##

ac_cv_build=x86_64-pc-linux-gnu
ac_cv_build_prog_CPP='gcc -E'
ac_cv_build_prog_CXXCPP='g++ -E'
ac_cv_build_prog_cc_g=yes
ac_cv_build_prog_cxx_g=yes
ac_cv_c_compiler_gnu=yes
ac_cv_cxx_compiler_gnu=yes
ac_cv_cxx_hash_map='<unordered_map>'
ac_cv_cxx_hash_map_class=unordered_map
ac_cv_cxx_hash_namespace=std
ac_cv_cxx_hash_set='<unordered_set>'
ac_cv_cxx_hash_set_class=unordered_set
ac_cv_env_CCC_set=
ac_cv_env_CCC_value=
ac_cv_env_CC_set=
ac_cv_env_CC_value=
ac_cv_env_CFLAGS_set=
ac_cv_env_CFLAGS_value=
ac_cv_env_CPPFLAGS_set=
ac_cv_env_CPPFLAGS_value=
ac_cv_env_CPP_set=
ac_cv_env_CPP_value=
ac_cv_env_CXXCPP_set=
ac_cv_env_CXXCPP_value=
ac_cv_env_CXXFLAGS_set=
ac_cv_env_CXXFLAGS_value=
ac_cv_env_CXX_set=
ac_cv_env_CXX_value=
ac_cv_env_DIST_LANG_set=
ac_cv_env_DIST_LANG_value=
ac_cv_env_LDFLAGS_set=
ac_cv_env_LDFLAGS_value=
ac_cv_env_LIBS_set=
ac_cv_env_LIBS_value=
ac_cv_env_LT_SYS_LIBRARY_PATH_set=
ac_cv_env_LT_SYS_LIBRARY_PATH_value=
ac_cv_env_OBJCFLAGS_set=
ac_cv_env_OBJCFLAGS_value=
ac_cv_env_OBJC_set=
ac_cv_env_OBJC_value=
ac_cv_env_build_alias_set=
ac_cv_env_build_alias_value=
ac_cv_env_host_alias_set=
ac_cv_env_host_alias_value=
ac_cv_env_target_alias_set=
ac_cv_env_target_alias_value=
ac_cv_func_ftruncate=yes
ac_cv_func_memcmp_working=yes
ac_cv_func_memset=yes
ac_cv_func_mkdir=yes
ac_cv_func_strchr=yes
ac_cv_func_strerror=yes
ac_cv_func_strtod=yes
ac_cv_func_strtol=yes
ac_cv_have_decl___SUNPRO_CC=no
ac_cv_header_dlfcn_h=yes
ac_cv_header_fcntl_h=yes
ac_cv_header_inttypes_h=yes
ac_cv_header_limits_h=yes
ac_cv_header_memory_h=yes
ac_cv_header_minix_config_h=no
ac_cv_header_stdc=yes
ac_cv_header_stdint_h=yes
ac_cv_header_stdlib_h=yes
ac_cv_header_string_h=yes
ac_cv_header_strings_h=yes
ac_cv_header_sys_stat_h=yes
ac_cv_header_sys_types_h=yes
ac_cv_header_unistd_h=yes
ac_cv_host=x86_64-pc-linux-gnu
ac_cv_objc_compiler_gnu=no
ac_cv_objext=o
ac_cv_path_EGREP='/bin/grep -E'
ac_cv_path_FGREP='/bin/grep -F'
ac_cv_path_GREP=/bin/grep
ac_cv_path_SED=/bin/sed
ac_cv_path_install='/usr/bin/install -c'
ac_cv_path_lt_DD=/bin/dd
ac_cv_path_mkdir=/bin/mkdir
ac_cv_prog_AWK=gawk
ac_cv_prog_CPP='gcc -E'
ac_cv_prog_CXXCPP='g++ -E'
ac_cv_prog_ac_ct_AR=ar
ac_cv_prog_ac_ct_CC=gcc
ac_cv_prog_ac_ct_CC_FOR_BUILD=gcc
ac_cv_prog_ac_ct_CXX=g++
ac_cv_prog_ac_ct_CXX_FOR_BUILD=g++
ac_cv_prog_ac_ct_MANIFEST_TOOL=mt
ac_cv_prog_ac_ct_OBJC=gcc
ac_cv_prog_ac_ct_OBJDUMP=objdump
ac_cv_prog_ac_ct_RANLIB=ranlib
ac_cv_prog_ac_ct_STRIP=strip
ac_cv_prog_cc_c89=
ac_cv_prog_cc_g=yes
ac_cv_prog_cxx_g=yes
ac_cv_prog_make_make_set=yes
ac_cv_prog_objc_g=no
ac_cv_safe_to_define___extensions__=yes
ac_cv_search_zlibVersion=-lz
ac_cv_target=x86_64-pc-linux-gnu
am_cv_CC_dependencies_compiler_type=gcc3
am_cv_CXX_dependencies_compiler_type=gcc3
am_cv_OBJC_dependencies_compiler_type=gcc3
am_cv_ar_interface=ar
am_cv_make_support_nested_variables=yes
am_cv_prog_cc_c_o=yes
am_cv_prog_tar_ustar=gnutar
ax_cv_PTHREAD_CLANG=no
ax_cv_PTHREAD_JOINABLE_ATTR=PTHREAD_CREATE_JOINABLE
ax_cv_PTHREAD_PRIO_INHERIT=yes
ax_cv_PTHREAD_SPECIAL_FLAGS=no
ax_cv_cxx_compile_cxx11=yes
lt_cv_ar_at_file=@
lt_cv_archive_cmds_need_lc=no
lt_cv_deplibs_check_method=pass_all
lt_cv_file_magic_cmd='$MAGIC_CMD'
lt_cv_file_magic_test_file=
lt_cv_ld_reload_flag=-r
lt_cv_nm_interface='BSD nm'
lt_cv_objdir=.libs
lt_cv_path_LD=/usr/bin/ld
lt_cv_path_LDCXX='/usr/bin/ld -m elf_x86_64'
lt_cv_path_NM='/usr/bin/nm -B'
lt_cv_path_mainfest_tool=no
lt_cv_prog_compiler_c_o=yes
lt_cv_prog_compiler_c_o_CXX=yes
lt_cv_prog_compiler_pic='-fPIC -DPIC'
lt_cv_prog_compiler_pic_CXX='-fPIC -DPIC'
lt_cv_prog_compiler_pic_works=yes
lt_cv_prog_compiler_pic_works_CXX=yes
lt_cv_prog_compiler_rtti_exceptions=no
lt_cv_prog_compiler_static_works=yes
lt_cv_prog_compiler_static_works_CXX=yes
lt_cv_prog_gnu_ld=yes
lt_cv_prog_gnu_ldcxx=yes
lt_cv_sharedlib_from_linklib_cmd='printf %s\n'
lt_cv_shlibpath_overrides_runpath=yes
lt_cv_sys_global_symbol_pipe='sed -n -e '\''s/^.*[	 ]\([ABCDGIRSTW][ABCDGIRSTW]*\)[	 ][	 ]*\([_A-Za-z][_A-Za-z0-9]*\)$/\1 \2 \2/p'\'' | sed '\''/ __gnu_lto/d'\'''
lt_cv_sys_global_symbol_to_c_name_address='sed -n -e '\''s/^: \(.*\) .*$/  {"\1", (void *) 0},/p'\'' -e '\''s/^[ABCDGIRSTW][ABCDGIRSTW]* .* \(.*\)$/  {"\1", (void *) \&\1},/p'\'''
lt_cv_sys_global_symbol_to_c_name_address_lib_prefix='sed -n -e '\''s/^: \(.*\) .*$/  {"\1", (void *) 0},/p'\'' -e '\''s/^[ABCDGIRSTW][ABCDGIRSTW]* .* \(lib.*\)$/  {"\1", (void *) \&\1},/p'\'' -e '\''s/^[ABCDGIRSTW][ABCDGIRSTW]* .* \(.*\)$/  {"lib\1", (void *) \&\1},/p'\'''
lt_cv_sys_global_symbol_to_cdecl='sed -n -e '\''s/^T .* \(.*\)$/extern int \1();/p'\'' -e '\''s/^[ABCDGIRSTW][ABCDGIRSTW]* .* \(.*\)$/extern char \1;/p'\'''
lt_cv_sys_global_symbol_to_import=
lt_cv_sys_max_cmd_len=1572864
lt_cv_to_host_file_cmd=func_convert_file_noop
lt_cv_to_tool_file_cmd=func_convert_file_noop
lt_cv_truncate_bin='/bin/dd bs=4096 count=1'

## ----------------- ##
## Output variables. ##
## ----------------- ##

ACLOCAL='${SHELL} /home/bruno/git/github/bnplib/lib/protobuf/missing aclocal-1.16'
AMDEPBACKSLASH='\'
AMDEP_FALSE='#'
AMDEP_TRUE=''
AMTAR='$${TAR-tar}'
AM_BACKSLASH='\'
AM_DEFAULT_V='$(AM_DEFAULT_VERBOSITY)'
AM_DEFAULT_VERBOSITY='0'
AM_V='$(V)'
AR='ar'
AUTOCONF='${SHELL} /home/bruno/git/github/bnplib/lib/protobuf/missing autoconf'
AUTOHEADER='${SHELL} /home/bruno/git/github/bnplib/lib/protobuf/missing autoheader'
AUTOMAKE='${SHELL} /home/bruno/git/github/bnplib/lib/protobuf/missing automake-1.16'
AWK='gawk'
BUILD_EXEEXT=''
BUILD_OBJEXT=''
CC='gcc'
CCDEPMODE='depmode=gcc3'
CC_FOR_BUILD='gcc'
CFLAGS=''
CFLAGS_FOR_BUILD='-g -O2'
CPP='gcc -E'
CPPFLAGS=''
CPPFLAGS_FOR_BUILD=''
CPP_FOR_BUILD='gcc -E'
CXX='g++'
CXXCPP='g++ -E'
CXXCPPFLAGS_FOR_BUILD=''
CXXCPP_FOR_BUILD='g++ -E'
CXXDEPMODE='depmode=gcc3'
CXXFLAGS=' -g -std=c++11 -DNDEBUG'
CXXFLAGS_FOR_BUILD='-g -O2'
CXX_FOR_BUILD='g++'
CYGPATH_W='echo'
DEFS='-DHAVE_CONFIG_H'
DEPDIR='.deps'
DIST_LANG='all'
DLLTOOL='false'
DSYMUTIL=''
DUMPBIN=''
ECHO_C=''
ECHO_N='-n'
ECHO_T=''
EGREP='/bin/grep -E'
EXEEXT=''
FGREP='/bin/grep -F'
GCC_FALSE='#'
GCC_TRUE=''
GREP='/bin/grep'
HAVE_CXX11='1'
HAVE_LD_VERSION_SCRIPT_FALSE='#'
HAVE_LD_VERSION_SCRIPT_TRUE=''
HAVE_PTHREAD_FALSE='#'
HAVE_PTHREAD_TRUE=''
HAVE_ZLIB_FALSE='#'
HAVE_ZLIB_TRUE=''
INSTALL_DATA='${INSTALL} -m 644'
INSTALL_PROGRAM='${INSTALL}'
INSTALL_SCRIPT='${INSTALL}'
INSTALL_STRIP_PROGRAM='$(install_sh) -c -s'
ISAINFO=''
LD='/usr/bin/ld -m elf_x86_64'
LDFLAGS=''
LDFLAGS_FOR_BUILD=''
LIBATOMIC_LIBS=''
LIBOBJS=''
LIBS='-lz '
LIBTOOL='$(SHELL) $(top_builddir)/libtool'
LIPO=''
LN_S='ln -s'
LTLIBOBJS=''
LT_SYS_LIBRARY_PATH=''
MAINT=''
MAINTAINER_MODE_FALSE='#'
MAINTAINER_MODE_TRUE=''
MAKEINFO='${SHELL} /home/bruno/git/github/bnplib/lib/protobuf/missing makeinfo'
MANIFEST_TOOL=':'
MKDIR_P='/bin/mkdir -p'
NM='/usr/bin/nm -B'
NMEDIT=''
OBJC='gcc'
OBJCDEPMODE='depmode=gcc3'
OBJCFLAGS=''
OBJC_CONFORMANCE_TEST_FALSE=''
OBJC_CONFORMANCE_TEST_TRUE='#'
OBJDUMP='objdump'
OBJEXT='o'
OTOOL64=''
OTOOL=''
PACKAGE='protobuf'
PACKAGE_BUGREPORT='protobuf@googlegroups.com'
PACKAGE_NAME='Protocol Buffers'
PACKAGE_STRING='Protocol Buffers 3.11.3'
PACKAGE_TARNAME='protobuf'
PACKAGE_URL=''
PACKAGE_VERSION='3.11.3'
PATH_SEPARATOR=':'
POW_LIB=''
PROTOBUF_OPT_FLAG='-O2'
PROTOC=''
PTHREAD_CC='gcc'
PTHREAD_CFLAGS='-pthread'
PTHREAD_LIBS=''
RANLIB='ranlib'
SED='/bin/sed'
SET_MAKE=''
SHELL='/bin/bash'
STRIP='strip'
USE_EXTERNAL_PROTOC_FALSE=''
USE_EXTERNAL_PROTOC_TRUE='#'
VERSION='3.11.3'
ac_ct_AR='ar'
ac_ct_CC='gcc'
ac_ct_CC_FOR_BUILD='gcc'
ac_ct_CXX='g++'
ac_ct_CXX_FOR_BUILD='g++'
ac_ct_DUMPBIN=''
ac_ct_OBJC='gcc'
am__EXEEXT_FALSE=''
am__EXEEXT_TRUE='#'
am__fastdepCC_FALSE='#'
am__fastdepCC_TRUE=''
am__fastdepCXX_FALSE='#'
am__fastdepCXX_TRUE=''
am__fastdepOBJC_FALSE='#'
am__fastdepOBJC_TRUE=''
am__include='include'
am__isrc=''
am__leading_dot='.'
am__nodep='_no'
am__quote=''
am__tar='tar --format=ustar -chf - "$$tardir"'
am__untar='tar -xf -'
ax_pthread_config=''
bindir='${exec_prefix}/bin'
build='x86_64-pc-linux-gnu'
build_alias=''
build_cpu='x86_64'
build_os='linux-gnu'
build_vendor='pc'
datadir='${datarootdir}'
datarootdir='${prefix}/share'
docdir='${datarootdir}/doc/${PACKAGE_TARNAME}'
dvidir='${docdir}'
exec_prefix='${prefix}'
host='x86_64-pc-linux-gnu'
host_alias=''
host_cpu='x86_64'
host_os='linux-gnu'
host_vendor='pc'
htmldir='${docdir}'
includedir='${prefix}/include'
infodir='${datarootdir}/info'
install_sh='${SHELL} /home/bruno/git/github/bnplib/lib/protobuf/install-sh'
libdir='${exec_prefix}/lib'
libexecdir='${exec_prefix}/libexec'
localedir='${datarootdir}/locale'
localstatedir='${prefix}/var'
mandir='${datarootdir}/man'
mkdir_p='$(MKDIR_P)'
oldincludedir='/usr/include'
pdfdir='${docdir}'
prefix='/usr/local'
program_transform_name='s,x,x,'
psdir='${docdir}'
runstatedir='${localstatedir}/run'
sbindir='${exec_prefix}/sbin'
sharedstatedir='${prefix}/com'
subdirs=' third_party/googletest'
sysconfdir='${prefix}/etc'
target='x86_64-pc-linux-gnu'
target_alias=''
target_cpu='x86_64'
target_os='linux-gnu'
target_vendor='pc'

## ----------- ##
## confdefs.h. ##
## ----------- ##

/* confdefs.h */
#define PACKAGE_NAME "Protocol Buffers"
#define PACKAGE_TARNAME "protobuf"
#define PACKAGE_VERSION "3.11.3"
#define PACKAGE_STRING "Protocol Buffers 3.11.3"
#define PACKAGE_BUGREPORT "protobuf@googlegroups.com"
#define PACKAGE_URL ""
#define PACKAGE "protobuf"
#define VERSION "3.11.3"
#define STDC_HEADERS 1
#define HAVE_SYS_TYPES_H 1
#define HAVE_SYS_STAT_H 1
#define HAVE_STDLIB_H 1
#define HAVE_STRING_H 1
#define HAVE_MEMORY_H 1
#define HAVE_STRINGS_H 1
#define HAVE_INTTYPES_H 1
#define HAVE_STDINT_H 1
#define HAVE_UNISTD_H 1
#define __EXTENSIONS__ 1
#define _ALL_SOURCE 1
#define _GNU_SOURCE 1
#define _POSIX_PTHREAD_SEMANTICS 1
#define _TANDEM_SOURCE 1
#define HAVE_DLFCN_H 1
#define LT_OBJDIR ".libs/"
#define STDC_HEADERS 1
#define HAVE_FCNTL_H 1
#define HAVE_INTTYPES_H 1
#define HAVE_LIMITS_H 1
#define HAVE_STDLIB_H 1
#define HAVE_UNISTD_H 1
#define HAVE_FTRUNCATE 1
#define HAVE_MEMSET 1
#define HAVE_MKDIR 1
#define HAVE_STRCHR 1
#define HAVE_STRERROR 1
#define HAVE_STRTOL 1
#define HAVE_ZLIB 1
#define HAVE_CXX11 1
#define HAVE_PTHREAD_PRIO_INHERIT 1
#define HAVE_PTHREAD 1
#define HAVE_HASH_MAP 1
#define HAVE_HASH_SET 1
#define HASH_MAP_H <unordered_map>
#define HASH_SET_H <unordered_set>
#define HASH_NAMESPACE std
#define HASH_MAP_CLASS unordered_map
#define HASH_SET_CLASS unordered_set

configure: exit 0

## ---------------------- ##
## Running config.status. ##
## ---------------------- ##

This file was extended by Protocol Buffers config.status 3.11.3, which was
generated by GNU Autoconf 2.69.  Invocation command line was

  CONFIG_FILES    = 
  CONFIG_HEADERS  = 
  CONFIG_LINKS    = 
  CONFIG_COMMANDS = 
  $ ./config.status 

on hp-tab

config.status:1226: creating Makefile
config.status:1226: creating src/Makefile
config.status:1226: creating benchmarks/Makefile
config.status:1226: creating conformance/Makefile
config.status:1226: creating protobuf.pc
config.status:1226: creating protobuf-lite.pc
config.status:1226: creating config.h
config.status:1407: config.h is unchanged
config.status:1455: executing depfiles commands
config.status:1532: cd src       && sed -e '/# am--include-marker/d' Makefile         | make -f - am--depfiles
make[1]: Entering directory '/home/bruno/git/github/bnplib/lib/protobuf/src'
make[1]: Nothing to be done for 'am--depfiles'.
make[1]: Leaving directory '/home/bruno/git/github/bnplib/lib/protobuf/src'
config.status:1537: $? = 0
config.status:1532: cd benchmarks       && sed -e '/# am--include-marker/d' Makefile         | make -f - am--depfiles
make[1]: Entering directory '/home/bruno/git/github/bnplib/lib/protobuf/benchmarks'
make[1]: Nothing to be done for 'am--depfiles'.
make[1]: Leaving directory '/home/bruno/git/github/bnplib/lib/protobuf/benchmarks'
config.status:1537: $? = 0
config.status:1532: cd conformance       && sed -e '/# am--include-marker/d' Makefile         | make -f - am--depfiles
make[1]: Entering directory '/home/bruno/git/github/bnplib/lib/protobuf/conformance'
make[1]: Nothing to be done for 'am--depfiles'.
make[1]: Leaving directory '/home/bruno/git/github/bnplib/lib/protobuf/conformance'
config.status:1537: $? = 0
config.status:1455: executing libtool commands

## ---------------------- ##
## Running config.status. ##
## ---------------------- ##

This file was extended by Protocol Buffers config.status 3.11.3, which was
generated by GNU Autoconf 2.69.  Invocation command line was

  CONFIG_FILES    = 
  CONFIG_HEADERS  = 
  CONFIG_LINKS    = 
  CONFIG_COMMANDS = 
  $ ./config.status config.h

on hp-tab

config.status:1226: creating config.h
config.status:1407: config.h is unchanged
